Determining if the pthread_create exist failed with the following output:
Change Dir: /tmp/tmp.sV7nT9bb5w/cmake-build-debug-remote-host/CMakeFiles/CMakeTmp

Run Build Command:"/usr/bin/make" "cmTC_6ef12/fast"
/usr/bin/make -f CMakeFiles/cmTC_6ef12.dir/build.make CMakeFiles/cmTC_6ef12.dir/build
make[1]: Entering directory '/tmp/tmp.sV7nT9bb5w/cmake-build-debug-remote-host/CMakeFiles/CMakeTmp'
Building C object CMakeFiles/cmTC_6ef12.dir/CheckSymbolExists.c.o
/usr/bin/cc    -o CMakeFiles/cmTC_6ef12.dir/CheckSymbolExists.c.o   -c /tmp/tmp.sV7nT9bb5w/cmake-build-debug-remote-host/CMakeFiles/CMakeTmp/CheckSymbolExists.c
Linking C executable cmTC_6ef12
/usr/bin/cmake -E cmake_link_script CMakeFiles/cmTC_6ef12.dir/link.txt --verbose=1
/usr/bin/cc      CMakeFiles/cmTC_6ef12.dir/CheckSymbolExists.c.o  -o cmTC_6ef12 
CMakeFiles/cmTC_6ef12.dir/CheckSymbolExists.c.o: In function `main':
CheckSymbolExists.c:(.text+0x1b): undefined reference to `pthread_create'
collect2: error: ld returned 1 exit status
CMakeFiles/cmTC_6ef12.dir/build.make:97: recipe for target 'cmTC_6ef12' failed
make[1]: *** [cmTC_6ef12] Error 1
make[1]: Leaving directory '/tmp/tmp.sV7nT9bb5w/cmake-build-debug-remote-host/CMakeFiles/CMakeTmp'
Makefile:126: recipe for target 'cmTC_6ef12/fast' failed
make: *** [cmTC_6ef12/fast] Error 2

File /tmp/tmp.sV7nT9bb5w/cmake-build-debug-remote-host/CMakeFiles/CMakeTmp/CheckSymbolExists.c:
/* */
#include <pthread.h>

int main(int argc, char** argv)
{
  (void)argv;
#ifndef pthread_create
  return ((int*)(&pthread_create))[argc];
#else
  (void)argc;
  return 0;
#endif
}

Determining if the function pthread_create exists in the pthreads failed with the following output:
Change Dir: /tmp/tmp.sV7nT9bb5w/cmake-build-debug-remote-host/CMakeFiles/CMakeTmp

Run Build Command:"/usr/bin/make" "cmTC_11476/fast"
/usr/bin/make -f CMakeFiles/cmTC_11476.dir/build.make CMakeFiles/cmTC_11476.dir/build
make[1]: Entering directory '/tmp/tmp.sV7nT9bb5w/cmake-build-debug-remote-host/CMakeFiles/CMakeTmp'
Building C object CMakeFiles/cmTC_11476.dir/CheckFunctionExists.c.o
/usr/bin/cc   -DCHECK_FUNCTION_EXISTS=pthread_create   -o CMakeFiles/cmTC_11476.dir/CheckFunctionExists.c.o   -c /usr/share/cmake-3.10/Modules/CheckFunctionExists.c
Linking C executable cmTC_11476
/usr/bin/cmake -E cmake_link_script CMakeFiles/cmTC_11476.dir/link.txt --verbose=1
/usr/bin/cc  -DCHECK_FUNCTION_EXISTS=pthread_create    CMakeFiles/cmTC_11476.dir/CheckFunctionExists.c.o  -o cmTC_11476 -lpthreads 
/usr/bin/ld: cannot find -lpthreads
collect2: error: ld returned 1 exit status
CMakeFiles/cmTC_11476.dir/build.make:97: recipe for target 'cmTC_11476' failed
make[1]: *** [cmTC_11476] Error 1
make[1]: Leaving directory '/tmp/tmp.sV7nT9bb5w/cmake-build-debug-remote-host/CMakeFiles/CMakeTmp'
Makefile:126: recipe for target 'cmTC_11476/fast' failed
make: *** [cmTC_11476/fast] Error 2


